<?xml version="1.0" encoding="UTF-8"?>
<!-- Generated by org.testng.reporters.JUnitXMLReporter -->
<testsuite hostname="Siddhis-MBP.attlocal.net" ignored="0" name="Test" tests="4" failures="0" timestamp="19 May 2020 00:08:51 GMT" time="17.037" errors="0">
  <testcase name="testLogin" time="5.809" classname="E2Etesting.expedia.LoginPage"/>
  <testcase name="shouldAnswerWithTrue" time="0.0" classname="E2Etesting.expedia.AppTest"/>
  <testcase name="homePageNavigation" time="0.368" classname="E2Etesting.expedia.homePage"/>
  <testcase name="createAccPageNav" time="1.076" classname="E2Etesting.expedia.CreateAccPage"/>
</testsuite> <!-- Test -->
