<?xml version="1.0" encoding="UTF-8"?>
<testng-results skipped="0" failed="0" ignored="0" total="1" passed="1">
  <reporter-output>
  </reporter-output>
  <suite name="Default suite" duration-ms="8628" started-at="2020-05-18T15:36:43Z" finished-at="2020-05-18T15:36:51Z">
    <groups>
    </groups>
    <test name="Default test" duration-ms="8628" started-at="2020-05-18T15:36:43Z" finished-at="2020-05-18T15:36:51Z">
      <class name="E2Etesting.expedia.homePage">
        <test-method status="PASS" signature="homePageNavigation()[pri:0, instance:E2Etesting.expedia.homePage@36b4cef0]" name="homePageNavigation" duration-ms="8610" started-at="2020-05-18T15:36:43Z" finished-at="2020-05-18T15:36:51Z">
          <reporter-output>
          </reporter-output>
        </test-method> <!-- homePageNavigation -->
      </class> <!-- E2Etesting.expedia.homePage -->
    </test> <!-- Default test -->
  </suite> <!-- Default suite -->
</testng-results>
